<?xml version="1.0" encoding="UTF-8"?>
<testsuite xmlns:xsi="http://www.w3.org/2001/XMLSchema-instance" xsi:noNamespaceSchemaLocation="https://maven.apache.org/surefire/maven-surefire-plugin/xsd/surefire-test-report.xsd" name="prog.unidad04.practica406.libreria.TestAutomovil" time="0.028" tests="24" errors="0" skipped="0" failures="7">
  <properties>
[...]
</properties>
  <testcase name="testAutomovilMatriculaLetraNoValida2" classname="prog.unidad04.practica406.libreria.TestAutomovil" time="0.01">
    <failure message="Expected java.lang.IllegalArgumentException to be thrown, but nothing was thrown." type="org.opentest4j.AssertionFailedError">org.opentest4j.AssertionFailedError: Expected java.lang.IllegalArgumentException to be thrown, but nothing was thrown.
	at prog.unidad04.practica406.libreria.TestAutomovil.testAutomovilMatriculaLetraNoValida2(TestAutomovil.java:88)
</failure>
  </testcase>
  <testcase name="testAutomovilTodoCorrecto" classname="prog.unidad04.practica406.libreria.TestAutomovil" time="0.001"/>
  <testcase name="testAutomovilPlazasNoValidas" classname="prog.unidad04.practica406.libreria.TestAutomovil" time="0">
    <failure message="Expected java.lang.IllegalArgumentException to be thrown, but nothing was thrown." type="org.opentest4j.AssertionFailedError">org.opentest4j.AssertionFailedError: Expected java.lang.IllegalArgumentException to be thrown, but nothing was thrown.
	at prog.unidad04.practica406.libreria.TestAutomovil.testAutomovilPlazasNoValidas(TestAutomovil.java:116)
</failure>
  </testcase>
  <testcase name="testAutomovilGetFechaCorrecto" classname="prog.unidad04.practica406.libreria.TestAutomovil" time="0.002"/>
  <testcase name="testAutomovilDistintitivoCero" classname="prog.unidad04.practica406.libreria.TestAutomovil" time="0.001"/>
  <testcase name="testAutomovilDistintitivoEco1" classname="prog.unidad04.practica406.libreria.TestAutomovil" time="0"/>
  <testcase name="testAutomovilDistintitivoEco2" classname="prog.unidad04.practica406.libreria.TestAutomovil" time="0.001"/>
  <testcase name="testAutomovilMatriculaSobranNumeros" classname="prog.unidad04.practica406.libreria.TestAutomovil" time="0"/>
  <testcase name="testAutomovilDistintitivoB" classname="prog.unidad04.practica406.libreria.TestAutomovil" time="0"/>
  <testcase name="testAutomovilMatriculaSobranLetras" classname="prog.unidad04.practica406.libreria.TestAutomovil" time="0.001"/>
  <testcase name="testAutomovilGetPlazasCorrecto" classname="prog.unidad04.practica406.libreria.TestAutomovil" time="0"/>
  <testcase name="testAutomovilGetColorCorrecto" classname="prog.unidad04.practica406.libreria.TestAutomovil" time="0.001"/>
  <testcase name="testAutomovilMatriculaFaltanNumeros" classname="prog.unidad04.practica406.libreria.TestAutomovil" time="0"/>
  <testcase name="testAutomovilaFechaNull" classname="prog.unidad04.practica406.libreria.TestAutomovil" time="0.002">
    <failure message="Expected java.lang.NullPointerException to be thrown, but nothing was thrown." type="org.opentest4j.AssertionFailedError">org.opentest4j.AssertionFailedError: Expected java.lang.NullPointerException to be thrown, but nothing was thrown.
	at prog.unidad04.practica406.libreria.TestAutomovil.testAutomovilaFechaNull(TestAutomovil.java:95)
</failure>
  </testcase>
  <testcase name="testAutomovilMatriculaLetraNoValida" classname="prog.unidad04.practica406.libreria.TestAutomovil" time="0.002">
    <failure message="Expected java.lang.IllegalArgumentException to be thrown, but nothing was thrown." type="org.opentest4j.AssertionFailedError">org.opentest4j.AssertionFailedError: Expected java.lang.IllegalArgumentException to be thrown, but nothing was thrown.
	at prog.unidad04.practica406.libreria.TestAutomovil.testAutomovilMatriculaLetraNoValida(TestAutomovil.java:79)
</failure>
  </testcase>
  <testcase name="testAutomovilMatriculaFaltanLetras" classname="prog.unidad04.practica406.libreria.TestAutomovil" time="0"/>
  <testcase name="testAutomovilMatriculaVariosEspacios" classname="prog.unidad04.practica406.libreria.TestAutomovil" time="0"/>
  <testcase name="testAutomovilMatriculaNumeroIncorrecto" classname="prog.unidad04.practica406.libreria.TestAutomovil" time="0">
    <failure message="Expected java.lang.IllegalArgumentException to be thrown, but nothing was thrown." type="org.opentest4j.AssertionFailedError">org.opentest4j.AssertionFailedError: Expected java.lang.IllegalArgumentException to be thrown, but nothing was thrown.
	at prog.unidad04.practica406.libreria.TestAutomovil.testAutomovilMatriculaNumeroIncorrecto(TestAutomovil.java:55)
</failure>
  </testcase>
  <testcase name="testAutomovilColorNull" classname="prog.unidad04.practica406.libreria.TestAutomovil" time="0">
    <failure message="Expected java.lang.NullPointerException to be thrown, but nothing was thrown." type="org.opentest4j.AssertionFailedError">org.opentest4j.AssertionFailedError: Expected java.lang.NullPointerException to be thrown, but nothing was thrown.
	at prog.unidad04.practica406.libreria.TestAutomovil.testAutomovilColorNull(TestAutomovil.java:102)
</failure>
  </testcase>
  <testcase name="testAutomovilMatriculaSinEspacios" classname="prog.unidad04.practica406.libreria.TestAutomovil" time="0"/>
  <testcase name="testAutomovilColorNoValido" classname="prog.unidad04.practica406.libreria.TestAutomovil" time="0">
    <failure message="Expected java.lang.IllegalArgumentException to be thrown, but nothing was thrown." type="org.opentest4j.AssertionFailedError">org.opentest4j.AssertionFailedError: Expected java.lang.IllegalArgumentException to be thrown, but nothing was thrown.
	at prog.unidad04.practica406.libreria.TestAutomovil.testAutomovilColorNoValido(TestAutomovil.java:109)
</failure>
  </testcase>
  <testcase name="testAutomovilDistintitivoA1" classname="prog.unidad04.practica406.libreria.TestAutomovil" time="0"/>
  <testcase name="testAutomovilDistintitivoA2" classname="prog.unidad04.practica406.libreria.TestAutomovil" time="0"/>
  <testcase name="testAutomovilGetMatriculaCorrecto" classname="prog.unidad04.practica406.libreria.TestAutomovil" time="0"/>
</testsuite>